# JRE version: OpenJDK Runtime Environment Microsoft-8035246 (17.0.8+7) (build 17.0.8+7-LTS)
# Java VM: OpenJDK 64-Bit Server VM Microsoft-8035246 (17.0.8+7-LTS, mixed mode, sharing, tiered, compressed oops, compressed class ptrs, g1 gc, windows-amd64)
GC Precious Log:
 CPUs: 12 total, 12 available
 Memory: 6005M
 Large Page Support: Disabled
 NUMA Support: Disabled
 Compressed Oops: Enabled (32-bit)
 Heap Region Size: 1M
 Heap Min Capacity: 8M
 Heap Initial Capacity: 94M
 Heap Max Capacity: 2G
 Pre-touch: Disabled
 Parallel Workers: 10
 Concurrent Workers: 3
 Concurrent Refinement Workers: 10
 Periodic GC: Disabled
Heap:
 garbage-first heap   total 155648K, used 96799K [0x0000000080000000, 0x0000000100000000)
  region size 1024K, 13 young (13312K), 4 survivors (4096K)
 Metaspace       used 73005K, committed 73856K, reserved 491520K
  class space    used 10236K, committed 10624K, reserved 425984K
GC Heap History (20 events):
Event: 31.892 GC heap before
{Heap before GC invocations=27 (full 0):
 garbage-first heap   total 139264K, used 105981K [0x0000000080000000, 0x0000000100000000)
  region size 1024K, 43 young (44032K), 6 survivors (6144K)
 Metaspace       used 65710K, committed 66496K, reserved 491520K
  class space    used 9357K, committed 9728K, reserved 425984K
}
Event: 31.897 GC heap after
{Heap after GC invocations=28 (full 0):
 garbage-first heap   total 139264K, used 72740K [0x0000000080000000, 0x0000000100000000)
  region size 1024K, 3 young (3072K), 3 survivors (3072K)
 Metaspace       used 65710K, committed 66496K, reserved 491520K
  class space    used 9357K, committed 9728K, reserved 425984K
}
Event: 31.951 GC heap before
{Heap before GC invocations=29 (full 0):
 garbage-first heap   total 139264K, used 74788K [0x0000000080000000, 0x0000000100000000)
  region size 1024K, 4 young (4096K), 3 survivors (3072K)
 Metaspace       used 65710K, committed 66496K, reserved 491520K
  class space    used 9357K, committed 9728K, reserved 425984K
}
Event: 31.954 GC heap after
{Heap after GC invocations=30 (full 0):
 garbage-first heap   total 139264K, used 75192K [0x0000000080000000, 0x0000000100000000)
  region size 1024K, 4 young (4096K), 4 survivors (4096K)
 Metaspace       used 65710K, committed 66496K, reserved 491520K
  class space    used 9357K, committed 9728K, reserved 425984K
}
Event: 32.112 GC heap before
{Heap before GC invocations=31 (full 0):
 garbage-first heap   total 139264K, used 79288K [0x0000000080000000, 0x0000000100000000)
  region size 1024K, 9 young (9216K), 4 survivors (4096K)
 Metaspace       used 65721K, committed 66496K, reserved 491520K
  class space    used 9357K, committed 9728K, reserved 425984K
}
Event: 32.115 GC heap after
{Heap after GC invocations=32 (full 0):
 garbage-first heap   total 139264K, used 79692K [0x0000000080000000, 0x0000000100000000)
  region size 1024K, 4 young (4096K), 4 survivors (4096K)
 Metaspace       used 65721K, committed 66496K, reserved 491520K
  class space    used 9357K, committed 9728K, reserved 425984K
}
Event: 32.221 GC heap before
{Heap before GC invocations=33 (full 0):
 garbage-first heap   total 139264K, used 82764K [0x0000000080000000, 0x0000000100000000)
  region size 1024K, 7 young (7168K), 4 survivors (4096K)
 Metaspace       used 65732K, committed 66560K, reserved 491520K
  class space    used 9360K, committed 9728K, reserved 425984K
}
Event: 32.223 GC heap after
{Heap after GC invocations=34 (full 0):
 garbage-first heap   total 139264K, used 80581K [0x0000000080000000, 0x0000000100000000)
  region size 1024K, 2 young (2048K), 2 survivors (2048K)
 Metaspace       used 65732K, committed 66560K, reserved 491520K
  class space    used 9360K, committed 9728K, reserved 425984K
}
Event: 32.590 GC heap before
{Heap before GC invocations=35 (full 0):
 garbage-first heap   total 142336K, used 100037K [0x0000000080000000, 0x0000000100000000)
  region size 1024K, 21 young (21504K), 2 survivors (2048K)
 Metaspace       used 66829K, committed 67648K, reserved 491520K
  class space    used 9502K, committed 9856K, reserved 425984K
}
Event: 32.591 GC heap after
{Heap after GC invocations=36 (full 0):
 garbage-first heap   total 142336K, used 83333K [0x0000000080000000, 0x0000000100000000)
  region size 1024K, 3 young (3072K), 3 survivors (3072K)
 Metaspace       used 66829K, committed 67648K, reserved 491520K
  class space    used 9502K, committed 9856K, reserved 425984K
}
Event: 32.651 GC heap before
{Heap before GC invocations=36 (full 0):
 garbage-first heap   total 142336K, used 85381K [0x0000000080000000, 0x0000000100000000)
  region size 1024K, 6 young (6144K), 3 survivors (3072K)
 Metaspace       used 67048K, committed 67840K, reserved 491520K
  class space    used 9526K, committed 9856K, reserved 425984K
}
Event: 32.653 GC heap after
{Heap after GC invocations=37 (full 0):
 garbage-first heap   total 142336K, used 83120K [0x0000000080000000, 0x0000000100000000)
  region size 1024K, 1 young (1024K), 1 survivors (1024K)
 Metaspace       used 67048K, committed 67840K, reserved 491520K
  class space    used 9526K, committed 9856K, reserved 425984K
}
Event: 33.192 GC heap before
{Heap before GC invocations=37 (full 0):
 garbage-first heap   total 142336K, used 103600K [0x0000000080000000, 0x0000000100000000)
  region size 1024K, 22 young (22528K), 1 survivors (1024K)
 Metaspace       used 68736K, committed 69504K, reserved 491520K
  class space    used 9696K, committed 10048K, reserved 425984K
}
Event: 33.194 GC heap after
{Heap after GC invocations=38 (full 0):
 garbage-first heap   total 142336K, used 83597K [0x0000000080000000, 0x0000000100000000)
  region size 1024K, 1 young (1024K), 1 survivors (1024K)
 Metaspace       used 68736K, committed 69504K, reserved 491520K
  class space    used 9696K, committed 10048K, reserved 425984K
}
Event: 33.578 GC heap before
{Heap before GC invocations=39 (full 0):
 garbage-first heap   total 147456K, used 107149K [0x0000000080000000, 0x0000000100000000)
  region size 1024K, 24 young (24576K), 1 survivors (1024K)
 Metaspace       used 70262K, committed 71040K, reserved 491520K
  class space    used 9898K, committed 10240K, reserved 425984K
}
Event: 33.580 GC heap after
{Heap after GC invocations=40 (full 0):
 garbage-first heap   total 147456K, used 84087K [0x0000000080000000, 0x0000000100000000)
  region size 1024K, 2 young (2048K), 2 survivors (2048K)
 Metaspace       used 70262K, committed 71040K, reserved 491520K
  class space    used 9898K, committed 10240K, reserved 425984K
}
Event: 33.708 GC heap before
{Heap before GC invocations=40 (full 0):
 garbage-first heap   total 147456K, used 88183K [0x0000000080000000, 0x0000000100000000)
  region size 1024K, 7 young (7168K), 2 survivors (2048K)
 Metaspace       used 71522K, committed 72256K, reserved 491520K
  class space    used 10032K, committed 10368K, reserved 425984K
}
Event: 33.713 GC heap after
{Heap after GC invocations=41 (full 0):
 garbage-first heap   total 147456K, used 84994K [0x0000000080000000, 0x0000000100000000)
  region size 1024K, 1 young (1024K), 1 survivors (1024K)
 Metaspace       used 71522K, committed 72256K, reserved 491520K
  class space    used 10032K, committed 10368K, reserved 425984K
}
Event: 34.024 GC heap before
{Heap before GC invocations=41 (full 0):
 garbage-first heap   total 147456K, used 118786K [0x0000000080000000, 0x0000000100000000)
  region size 1024K, 28 young (28672K), 1 survivors (1024K)
 Metaspace       used 72482K, committed 73280K, reserved 491520K
  class space    used 10160K, committed 10496K, reserved 425984K
}
Event: 34.026 GC heap after
{Heap after GC invocations=42 (full 0):
 garbage-first heap   total 147456K, used 88607K [0x0000000080000000, 0x0000000100000000)
  region size 1024K, 4 young (4096K), 4 survivors (4096K)
 Metaspace       used 72482K, committed 73280K, reserved 491520K
  class space    used 10160K, committed 10496K, reserved 425984K
}

