# JRE version: OpenJDK Runtime Environment Microsoft-8035246 (17.0.8+7) (build 17.0.8+7-LTS)
# Java VM: OpenJDK 64-Bit Server VM Microsoft-8035246 (17.0.8+7-LTS, mixed mode, sharing, tiered, compressed oops, compressed class ptrs, g1 gc, windows-amd64)
GC Precious Log:
 CPUs: 12 total, 12 available
 Memory: 6005M
 Large Page Support: Disabled
 NUMA Support: Disabled
 Compressed Oops: Enabled (32-bit)
 Heap Region Size: 1M
 Heap Min Capacity: 8M
 Heap Initial Capacity: 94M
 Heap Max Capacity: 2G
 Pre-touch: Disabled
 Parallel Workers: 10
 Concurrent Workers: 3
 Concurrent Refinement Workers: 10
 Periodic GC: Disabled
Heap:
 garbage-first heap   total 307200K, used 213143K [0x0000000080000000, 0x0000000100000000)
  region size 1024K, 103 young (105472K), 15 survivors (15360K)
 Metaspace       used 100126K, committed 101248K, reserved 557056K
  class space    used 14124K, committed 14592K, reserved 425984K
GC Heap History (20 events):
Event: 25.283 GC heap before
{Heap before GC invocations=35 (full 0):
 garbage-first heap   total 133120K, used 98955K [0x0000000080000000, 0x0000000100000000)
  region size 1024K, 31 young (31744K), 5 survivors (5120K)
 Metaspace       used 72019K, committed 72832K, reserved 491520K
  class space    used 10124K, committed 10496K, reserved 425984K
}
Event: 25.287 GC heap after
{Heap after GC invocations=36 (full 0):
 garbage-first heap   total 133120K, used 76171K [0x0000000080000000, 0x0000000100000000)
  region size 1024K, 2 young (2048K), 2 survivors (2048K)
 Metaspace       used 72019K, committed 72832K, reserved 491520K
  class space    used 10124K, committed 10496K, reserved 425984K
}
Event: 26.591 GC heap before
{Heap before GC invocations=37 (full 0):
 garbage-first heap   total 135168K, used 113035K [0x0000000080000000, 0x0000000100000000)
  region size 1024K, 34 young (34816K), 2 survivors (2048K)
 Metaspace       used 73559K, committed 74304K, reserved 491520K
  class space    used 10318K, committed 10688K, reserved 425984K
}
Event: 26.594 GC heap after
{Heap after GC invocations=38 (full 0):
 garbage-first heap   total 135168K, used 87466K [0x0000000080000000, 0x0000000100000000)
  region size 1024K, 5 young (5120K), 5 survivors (5120K)
 Metaspace       used 73559K, committed 74304K, reserved 491520K
  class space    used 10318K, committed 10688K, reserved 425984K
}
Event: 26.609 GC heap before
{Heap before GC invocations=38 (full 0):
 garbage-first heap   total 135168K, used 87466K [0x0000000080000000, 0x0000000100000000)
  region size 1024K, 6 young (6144K), 5 survivors (5120K)
 Metaspace       used 73613K, committed 74368K, reserved 491520K
  class space    used 10330K, committed 10688K, reserved 425984K
}
Event: 26.612 GC heap after
{Heap after GC invocations=39 (full 0):
 garbage-first heap   total 135168K, used 88050K [0x0000000080000000, 0x0000000100000000)
  region size 1024K, 1 young (1024K), 1 survivors (1024K)
 Metaspace       used 73613K, committed 74368K, reserved 491520K
  class space    used 10330K, committed 10688K, reserved 425984K
}
Event: 26.914 GC heap before
{Heap before GC invocations=39 (full 0):
 garbage-first heap   total 135168K, used 111602K [0x0000000080000000, 0x0000000100000000)
  region size 1024K, 25 young (25600K), 1 survivors (1024K)
 Metaspace       used 75548K, committed 76352K, reserved 557056K
  class space    used 10526K, committed 10880K, reserved 425984K
}
Event: 26.916 GC heap after
{Heap after GC invocations=40 (full 0):
 garbage-first heap   total 135168K, used 88296K [0x0000000080000000, 0x0000000100000000)
  region size 1024K, 1 young (1024K), 1 survivors (1024K)
 Metaspace       used 75548K, committed 76352K, reserved 557056K
  class space    used 10526K, committed 10880K, reserved 425984K
}
Event: 27.190 GC heap before
{Heap before GC invocations=41 (full 0):
 garbage-first heap   total 153600K, used 114920K [0x0000000080000000, 0x0000000100000000)
  region size 1024K, 26 young (26624K), 1 survivors (1024K)
 Metaspace       used 76864K, committed 77696K, reserved 557056K
  class space    used 10698K, committed 11072K, reserved 425984K
}
Event: 27.193 GC heap after
{Heap after GC invocations=42 (full 0):
 garbage-first heap   total 153600K, used 92682K [0x0000000080000000, 0x0000000100000000)
  region size 1024K, 4 young (4096K), 4 survivors (4096K)
 Metaspace       used 76864K, committed 77696K, reserved 557056K
  class space    used 10698K, committed 11072K, reserved 425984K
}
Event: 27.201 GC heap before
{Heap before GC invocations=42 (full 0):
 garbage-first heap   total 153600K, used 98826K [0x0000000080000000, 0x0000000100000000)
  region size 1024K, 7 young (7168K), 4 survivors (4096K)
 Metaspace       used 76864K, committed 77696K, reserved 557056K
  class space    used 10698K, committed 11072K, reserved 425984K
}
Event: 27.204 GC heap after
{Heap after GC invocations=43 (full 0):
 garbage-first heap   total 153600K, used 95619K [0x0000000080000000, 0x0000000100000000)
  region size 1024K, 1 young (1024K), 1 survivors (1024K)
 Metaspace       used 76864K, committed 77696K, reserved 557056K
  class space    used 10698K, committed 11072K, reserved 425984K
}
Event: 27.221 GC heap before
{Heap before GC invocations=43 (full 0):
 garbage-first heap   total 153600K, used 97667K [0x0000000080000000, 0x0000000100000000)
  region size 1024K, 4 young (4096K), 1 survivors (1024K)
 Metaspace       used 76873K, committed 77696K, reserved 557056K
  class space    used 10699K, committed 11072K, reserved 425984K
}
Event: 27.223 GC heap after
{Heap after GC invocations=44 (full 0):
 garbage-first heap   total 307200K, used 95797K [0x0000000080000000, 0x0000000100000000)
  region size 1024K, 2 young (2048K), 2 survivors (2048K)
 Metaspace       used 76873K, committed 77696K, reserved 557056K
  class space    used 10699K, committed 11072K, reserved 425984K
}
Event: 29.997 GC heap before
{Heap before GC invocations=44 (full 0):
 garbage-first heap   total 307200K, used 227893K [0x0000000080000000, 0x0000000100000000)
  region size 1024K, 129 young (132096K), 2 survivors (2048K)
 Metaspace       used 83231K, committed 84032K, reserved 557056K
  class space    used 11550K, committed 11904K, reserved 425984K
}
Event: 30.004 GC heap after
{Heap after GC invocations=45 (full 0):
 garbage-first heap   total 307200K, used 102767K [0x0000000080000000, 0x0000000100000000)
  region size 1024K, 7 young (7168K), 7 survivors (7168K)
 Metaspace       used 83231K, committed 84032K, reserved 557056K
  class space    used 11550K, committed 11904K, reserved 425984K
}
Event: 39.253 GC heap before
{Heap before GC invocations=45 (full 0):
 garbage-first heap   total 307200K, used 237935K [0x0000000080000000, 0x0000000100000000)
  region size 1024K, 139 young (142336K), 7 survivors (7168K)
 Metaspace       used 89454K, committed 90304K, reserved 557056K
  class space    used 12608K, committed 12992K, reserved 425984K
}
Event: 39.274 GC heap after
{Heap after GC invocations=46 (full 0):
 garbage-first heap   total 307200K, used 109331K [0x0000000080000000, 0x0000000100000000)
  region size 1024K, 14 young (14336K), 14 survivors (14336K)
 Metaspace       used 89454K, committed 90304K, reserved 557056K
  class space    used 12608K, committed 12992K, reserved 425984K
}
Event: 45.323 GC heap before
{Heap before GC invocations=46 (full 0):
 garbage-first heap   total 307200K, used 244499K [0x0000000080000000, 0x0000000100000000)
  region size 1024K, 146 young (149504K), 14 survivors (14336K)
 Metaspace       used 97357K, committed 98368K, reserved 557056K
  class space    used 13696K, committed 14144K, reserved 425984K
}
Event: 45.365 GC heap after
{Heap after GC invocations=47 (full 0):
 garbage-first heap   total 307200K, used 117911K [0x0000000080000000, 0x0000000100000000)
  region size 1024K, 15 young (15360K), 15 survivors (15360K)
 Metaspace       used 97357K, committed 98368K, reserved 557056K
  class space    used 13696K, committed 14144K, reserved 425984K
}

